# JRE version: OpenJDK Runtime Environment (11.0.12+7) (build 11.0.12+7-b1504.28-7817840)
# Java VM: OpenJDK 64-Bit Server VM (11.0.12+7-b1504.28-7817840, mixed mode, tiered, compressed oops, g1 gc, windows-amd64)
Heap:
 garbage-first heap   total 157696K, used 39221K [0x0000000080000000, 0x0000000100000000)
  region size 1024K, 9 young (9216K), 9 survivors (9216K)
 Metaspace       used 48642K, capacity 49921K, committed 50048K, reserved 1093632K
  class space    used 6219K, capacity 6696K, committed 6784K, reserved 1048576K
GC Heap History (17 events):
Event: 1.085 GC heap before
{Heap before GC invocations=0 (full 0):
 garbage-first heap   total 131072K, used 29696K [0x0000000080000000, 0x0000000100000000)
  region size 1024K, 24 young (24576K), 0 survivors (0K)
 Metaspace       used 10236K, capacity 10493K, committed 10624K, reserved 1058816K
  class space    used 1071K, capacity 1139K, committed 1152K, reserved 1048576K
}
Event: 1.091 GC heap after
{Heap after GC invocations=1 (full 0):
 garbage-first heap   total 131072K, used 9590K [0x0000000080000000, 0x0000000100000000)
  region size 1024K, 3 young (3072K), 3 survivors (3072K)
 Metaspace       used 10236K, capacity 10493K, committed 10624K, reserved 1058816K
  class space    used 1071K, capacity 1139K, committed 1152K, reserved 1048576K
}
Event: 2.144 GC heap before
{Heap before GC invocations=1 (full 0):
 garbage-first heap   total 131072K, used 52598K [0x0000000080000000, 0x0000000100000000)
  region size 1024K, 45 young (46080K), 3 survivors (3072K)
 Metaspace       used 11359K, capacity 11696K, committed 11904K, reserved 1060864K
  class space    used 1195K, capacity 1284K, committed 1408K, reserved 1048576K
}
Event: 2.149 GC heap after
{Heap after GC invocations=2 (full 0):
 garbage-first heap   total 131072K, used 14314K [0x0000000080000000, 0x0000000100000000)
  region size 1024K, 6 young (6144K), 6 survivors (6144K)
 Metaspace       used 11359K, capacity 11696K, committed 11904K, reserved 1060864K
  class space    used 1195K, capacity 1284K, committed 1408K, reserved 1048576K
}
Event: 3.355 GC heap before
{Heap before GC invocations=2 (full 0):
 garbage-first heap   total 131072K, used 63466K [0x0000000080000000, 0x0000000100000000)
  region size 1024K, 54 young (55296K), 6 survivors (6144K)
 Metaspace       used 19474K, capacity 19917K, committed 19968K, reserved 1067008K
  class space    used 2384K, capacity 2538K, committed 2560K, reserved 1048576K
}
Event: 3.361 GC heap after
{Heap after GC invocations=3 (full 0):
 garbage-first heap   total 131072K, used 16760K [0x0000000080000000, 0x0000000100000000)
  region size 1024K, 6 young (6144K), 6 survivors (6144K)
 Metaspace       used 19474K, capacity 19917K, committed 19968K, reserved 1067008K
  class space    used 2384K, capacity 2538K, committed 2560K, reserved 1048576K
}
Event: 3.512 GC heap before
{Heap before GC invocations=3 (full 0):
 garbage-first heap   total 131072K, used 28024K [0x0000000080000000, 0x0000000100000000)
  region size 1024K, 18 young (18432K), 6 survivors (6144K)
 Metaspace       used 20676K, capacity 21141K, committed 21248K, reserved 1067008K
  class space    used 2546K, capacity 2712K, committed 2816K, reserved 1048576K
}
Event: 3.516 GC heap after
{Heap after GC invocations=4 (full 0):
 garbage-first heap   total 131072K, used 17695K [0x0000000080000000, 0x0000000100000000)
  region size 1024K, 4 young (4096K), 4 survivors (4096K)
 Metaspace       used 20676K, capacity 21141K, committed 21248K, reserved 1067008K
  class space    used 2546K, capacity 2712K, committed 2816K, reserved 1048576K
}
Event: 4.585 GC heap before
{Heap before GC invocations=5 (full 0):
 garbage-first heap   total 131072K, used 70943K [0x0000000080000000, 0x0000000100000000)
  region size 1024K, 56 young (57344K), 4 survivors (4096K)
 Metaspace       used 26293K, capacity 26867K, committed 27008K, reserved 1073152K
  class space    used 3417K, capacity 3607K, committed 3712K, reserved 1048576K
}
Event: 4.590 GC heap after
{Heap after GC invocations=6 (full 0):
 garbage-first heap   total 131072K, used 19405K [0x0000000080000000, 0x0000000100000000)
  region size 1024K, 6 young (6144K), 6 survivors (6144K)
 Metaspace       used 26293K, capacity 26867K, committed 27008K, reserved 1073152K
  class space    used 3417K, capacity 3607K, committed 3712K, reserved 1048576K
}
Event: 5.443 GC heap before
{Heap before GC invocations=6 (full 0):
 garbage-first heap   total 131072K, used 78797K [0x0000000080000000, 0x0000000100000000)
  region size 1024K, 65 young (66560K), 6 survivors (6144K)
 Metaspace       used 34895K, capacity 35719K, committed 35840K, reserved 1081344K
  class space    used 4533K, capacity 4839K, committed 4864K, reserved 1048576K
}
Event: 5.456 GC heap after
{Heap after GC invocations=7 (full 0):
 garbage-first heap   total 131072K, used 22767K [0x0000000080000000, 0x0000000100000000)
  region size 1024K, 6 young (6144K), 6 survivors (6144K)
 Metaspace       used 34895K, capacity 35719K, committed 35840K, reserved 1081344K
  class space    used 4533K, capacity 4839K, committed 4864K, reserved 1048576K
}
Event: 6.441 GC heap before
{Heap before GC invocations=8 (full 0):
 garbage-first heap   total 131072K, used 94447K [0x0000000080000000, 0x0000000100000000)
  region size 1024K, 74 young (75776K), 6 survivors (6144K)
 Metaspace       used 40509K, capacity 41430K, committed 41728K, reserved 1085440K
  class space    used 5183K, capacity 5544K, committed 5632K, reserved 1048576K
}
Event: 6.450 GC heap after
{Heap after GC invocations=9 (full 0):
 garbage-first heap   total 131072K, used 28166K [0x0000000080000000, 0x0000000100000000)
  region size 1024K, 10 young (10240K), 10 survivors (10240K)
 Metaspace       used 40509K, capacity 41430K, committed 41728K, reserved 1085440K
  class space    used 5183K, capacity 5544K, committed 5632K, reserved 1048576K
}
Event: 7.410 GC heap before
{Heap before GC invocations=9 (full 0):
 garbage-first heap   total 131072K, used 92678K [0x0000000080000000, 0x0000000100000000)
  region size 1024K, 73 young (74752K), 10 survivors (10240K)
 Metaspace       used 46053K, capacity 47151K, committed 47360K, reserved 1089536K
  class space    used 5935K, capacity 6356K, committed 6400K, reserved 1048576K
}
Event: 7.418 GC heap after
{Heap after GC invocations=10 (full 0):
 garbage-first heap   total 131072K, used 30974K [0x0000000080000000, 0x0000000100000000)
  region size 1024K, 8 young (8192K), 8 survivors (8192K)
 Metaspace       used 46053K, capacity 47151K, committed 47360K, reserved 1089536K
  class space    used 5935K, capacity 6356K, committed 6400K, reserved 1048576K
}
Event: 9.156 GC heap before
{Heap before GC invocations=10 (full 0):
 garbage-first heap   total 131072K, used 96510K [0x0000000080000000, 0x0000000100000000)
  region size 1024K, 71 young (72704K), 8 survivors (8192K)
 Metaspace       used 48642K, capacity 49921K, committed 50048K, reserved 1093632K
  class space    used 6219K, capacity 6696K, committed 6784K, reserved 1048576K
}

